<?xml version="1.0" encoding="UTF-8"?>
<!-- Generated by org.testng.reporters.JUnitXMLReporter -->
<testsuite hostname="DESKTOP-I3VEVNM" name="Default test" tests="7" failures="0" timestamp="14 Jan 2018 04:04:57 GMT" time="0.053" errors="0">
  <testcase name="dragDropTest" time="0.002" classname="com.test.apidemotestscripts.OpenApiDemo">
    <skipped/>
  </testcase> <!-- dragDropTest -->
  <testcase name="openApiDemo" time="0.0" classname="com.test.apidemotestscripts.OpenApiDemo">
    <skipped/>
  </testcase> <!-- openApiDemo -->
  <testcase name="openViewLink" time="0.0" classname="com.test.apidemotestscripts.OpenApiDemo">
    <skipped/>
  </testcase> <!-- openViewLink -->
  <testcase name="pressBackTest" time="0.001" classname="com.test.apidemotestscripts.OpenApiDemo">
    <skipped/>
  </testcase> <!-- pressBackTest -->
  <testcase name="pressTest" time="0.001" classname="com.test.apidemotestscripts.OpenApiDemo">
    <skipped/>
  </testcase> <!-- pressTest -->
  <testcase name="swipeTest" time="0.001" classname="com.test.apidemotestscripts.OpenApiDemo">
    <skipped/>
  </testcase> <!-- swipeTest -->
  <testcase name="toggleClickTest" time="0.0" classname="com.test.apidemotestscripts.OpenApiDemo">
    <skipped/>
  </testcase> <!-- toggleClickTest -->
</testsuite> <!-- Default test -->
